
ROM used: 116 (1%)
          116 (1%) including unused fragments

          0 Average locations per line
          8 Average locations per statement

RAM used: 7 (2%) at main() level
          8 (2%) worst case

Stack used: 1 worst case (out of 8 total available)

Lines Stmts  %   Files
----- ----- ---  -----
   27    14 100  main.c
   16     0   0  main.h
  298     0   0  C:\Program Files (x86)\PICC\devices\16F877.h
----- -----
  341    14 Total

Page ROM  %  RAM   Vol Diff  Functions:
---- --- --- ---   --- ----  ----------
0     21  18   1             @delay_ms1
0     91  78   1   310  2.8  main

Program metrics:
    Functions               1
    Statements              14
    Comments                69
    Volume (V)              313
    Difficilty (D)          2.7
    Effort to implement (E) 847
    Time to implement (T)   1 minutes
    Est Delivered Bugs (B)  0
    Cyclomatic Complexity   1
    Maintainability (MI)    113

 Segment     Used  Free
-----------  ----  ----
00000-00003     4  0  
00004-007FF   112  1932  
00800-00FFF     0  2048  
01000-017FF     0  2048  
01800-01FFF     0  2048  



