
ROM used: 419 (5%)
          419 (5%) including unused fragments

          1 Average locations per line
          5 Average locations per statement

RAM used: 9 (3%) at main() level
          22 (6%) worst case

Stack used: 4 worst case (out of 7 total available)

Lines Stmts  %   Files
----- ----- ---  -----
   18     5   6  main.c
  298     0   0  C:\Program Files (x86)\PICC\devices\16F877.h
  297    79  94  lcd_x1.c
----- -----
  613    84 Total

Page ROM  %  RAM   Vol Diff  Functions:
---- --- --- ---   --- ----  ----------
0     21   5   1             @delay_ms1
0      8   2   0             @const64
0     49  12   1   328  2.7  lcd_send_nibble
0     44  11   1   389  2.3  lcd_read_nibble
 Inline        3   165  3.3  lcd_read_byte
0     63  15   3   319  4.1  lcd_send_byte
0     52  12   2   411  4.5  lcd_init
 Inline        4   386  6.5  lcd_gotoxy
0     77  18   1   310  4.8  lcd_putc
0     25   6   2    84  1.5  MAIN
0      4   1   0             @const96
0     72  17   3             @PSTRINGC7_87

Program metrics:
    Functions               8
    Statements              84
    Comments                141
    Volume (V)              3738
    Difficilty (D)          28.9
    Effort to implement (E) 107993
    Time to implement (T)   1 hours, 40 minutes
    Est Delivered Bugs (B)  1
    Cyclomatic Complexity   12
    Maintainability (MI)    112

 Segment     Used  Free
-----------  ----  ----
00000-00003     4  0  
00004-007FF   415  1629  
00800-00FFF     0  2048  
01000-017FF     0  2048  
01800-01EFF     0  1792  



